<?xml version="1.0" encoding="UTF-8"?>
<!-- Generated by org.testng.reporters.JUnitReportReporter -->
<testsuite hostname="aratim-latitude-3520" failures="0" tests="1" name="automation_chitale_module1.Item_Group" time="20.427" errors="0" timestamp="2023-03-04T10:55:15 IST" skipped="0">
  <testcase classname="automation_chitale_module1.Item_Group" name="T" time="20.427"/>
  <system-out/>
</testsuite> <!-- automation_chitale_module1.Item_Group -->
